<?xml version="1.0" encoding="UTF-8"?>
<!-- Generated by org.testng.reporters.JUnitReportReporter -->
<testsuite name="com.crm.qa.testcases.LoginPageTest" tests="2" time="30.142" ignored="0" failures="0" timestamp="28 Dec 2020 08:08:46 GMT" skipped="0" hostname="Narayan-PC" errors="0">
  <testcase name="loginTest" time="15.742" classname="com.crm.qa.testcases.LoginPageTest"/>
  <testcase name="loginPageTitleTest" time="14.400" classname="com.crm.qa.testcases.LoginPageTest"/>
</testsuite> <!-- com.crm.qa.testcases.LoginPageTest -->
