<?xml version="1.0" encoding="UTF-8"?>
<!-- Generated by org.testng.reporters.JUnitReportReporter -->
<testsuite name="com.crm.qa.testcases.HomePageTest" tests="3" time="80.574" ignored="0" failures="0" timestamp="29 Dec 2020 10:51:17 GMT" skipped="0" hostname="Narayan-PC" errors="0">
  <testcase name="verifyUserNameTest" time="27.603" classname="com.crm.qa.testcases.HomePageTest"/>
  <testcase name="verifyContactLinkTest" time="29.237" classname="com.crm.qa.testcases.HomePageTest"/>
  <testcase name="verifyHomePageTitleTest" time="23.734" classname="com.crm.qa.testcases.HomePageTest"/>
</testsuite> <!-- com.crm.qa.testcases.HomePageTest -->
