<?xml version="1.0" encoding="UTF-8"?>
<!-- Generated by org.testng.reporters.JUnitReportReporter -->
<testsuite name="com.crm.qa.testcases.LoginPageTest" tests="2" time="68.828" ignored="0" failures="0" timestamp="29 Dec 2020 10:51:17 GMT" skipped="0" hostname="Narayan-PC" errors="0">
  <testcase name="loginPageTitleTest" time="27.723" classname="com.crm.qa.testcases.LoginPageTest"/>
  <testcase name="loginTest" time="41.105" classname="com.crm.qa.testcases.LoginPageTest"/>
</testsuite> <!-- com.crm.qa.testcases.LoginPageTest -->
